
[17:27:27.972] sent #1
--- Complete Hex Dump for sent #1 (48 bytes) ---
0000: 60 00 00 00 00 08 3a ff  fe 80 00 00 00 00 00 00  |`.....:.........|
0010: 9e 8d b1 5a 7a a7 9d 9f  ff 02 00 00 00 00 00 00  |...Zz...........|
0020: 00 00 00 00 00 00 00 02  85 00 15 08 00 00 00 00  |................|
Raw Hex: 6000000000083afffe80000000000000 9e8db15a7aa79d9fff02000000000000 00000000000000028500150800000000
=================================================================================

[17:27:31.610] sent #2
--- Complete Hex Dump for sent #2 (48 bytes) ---
0000: 60 00 00 00 00 08 3a ff  fe 80 00 00 00 00 00 00  |`.....:.........|
0010: 9e 8d b1 5a 7a a7 9d 9f  ff 02 00 00 00 00 00 00  |...Zz...........|
0020: 00 00 00 00 00 00 00 02  85 00 15 08 00 00 00 00  |................|
Raw Hex: 6000000000083afffe80000000000000 9e8db15a7aa79d9fff02000000000000 00000000000000028500150800000000
=================================================================================

[17:27:34.383] sent #3
--- Complete Hex Dump for sent #3 (57 bytes) ---
0000: 45 00 00 39 ab 9a 40 00  40 11 75 00 0a 08 00 02  |E..9..@.@.u.....|
0010: 08 08 08 08 8b 2f 00 35  00 25 ec 37 0b 64 01 00  |...../.5.%.7.d..|
0020: 00 01 00 00 00 00 00 00  03 66 74 70 03 67 6e 75  |.........ftp.gnu|
0030: 03 6f 72 67 00 00 01 00  01                       |.org.....|
Raw Hex: 45000039ab9a4000401175000a080002 080808088b2f00350025ec370b640100 00010000000000000366747003676e75 036f72670000010001
=================================================================================

[17:27:34.402] sent #4
--- Complete Hex Dump for sent #4 (57 bytes) ---
0000: 45 00 00 39 ab 9b 40 00  40 11 74 ff 0a 08 00 02  |E..9..@.@.t.....|
0010: 08 08 08 08 8b 2f 00 35  00 25 03 57 d9 44 01 00  |...../.5.%.W.D..|
0020: 00 01 00 00 00 00 00 00  03 66 74 70 03 67 6e 75  |.........ftp.gnu|
0030: 03 6f 72 67 00 00 1c 00  01                       |.org.....|
Raw Hex: 45000039ab9b4000401174ff0a080002 080808088b2f003500250357d9440100 00010000000000000366747003676e75 036f726700001c0001
=================================================================================

[17:27:34.459] sent #5
--- Complete Hex Dump for sent #5 (60 bytes) ---
0000: 45 00 00 3c b1 24 40 00  40 06 f2 45 0a 08 00 02  |E..<.$@.@..E....|
0010: d1 33 bc 14 ba fa 00 15  76 cc 6b 9d 00 00 00 00  |.3......v.k.....|
0020: a0 02 ff ff 6b 08 00 00  02 04 05 b4 04 02 08 0a  |....k...........|
0030: aa c7 fd 69 00 00 00 00  01 03 03 02              |...i........|
Raw Hex: 4500003cb12440004006f2450a080002 d133bc14bafa001576cc6b9d00000000 a002ffff6b080000020405b40402080a aac7fd690000000001030302
=================================================================================

[17:27:34.773] sent #6
--- Complete Hex Dump for sent #6 (52 bytes) ---
0000: 45 00 00 34 b1 25 40 00  40 06 f2 4c 0a 08 00 02  |E..4.%@.@..L....|
0010: d1 33 bc 14 ba fa 00 15  76 cc 6b 9e 69 df 06 d9  |.3......v.k.i...|
0020: 80 10 40 00 e0 9f 00 00  01 01 08 0a aa c7 fe a7  |..@.............|
0030: 2e 17 d9 11                                       |....|
Raw Hex: 45000034b12540004006f24c0a080002 d133bc14bafa001576cc6b9e69df06d9 80104000e09f00000101080aaac7fea7 2e17d911
=================================================================================

[17:27:39.127] sent #7
--- Complete Hex Dump for sent #7 (48 bytes) ---
0000: 60 00 00 00 00 08 3a ff  fe 80 00 00 00 00 00 00  |`.....:.........|
0010: 9e 8d b1 5a 7a a7 9d 9f  ff 02 00 00 00 00 00 00  |...Zz...........|
0020: 00 00 00 00 00 00 00 02  85 00 15 08 00 00 00 00  |................|
Raw Hex: 6000000000083afffe80000000000000 9e8db15a7aa79d9fff02000000000000 00000000000000028500150800000000
=================================================================================

[17:27:53.854] sent #8
--- Complete Hex Dump for sent #8 (48 bytes) ---
0000: 60 00 00 00 00 08 3a ff  fe 80 00 00 00 00 00 00  |`.....:.........|
0010: 9e 8d b1 5a 7a a7 9d 9f  ff 02 00 00 00 00 00 00  |...Zz...........|
0020: 00 00 00 00 00 00 00 02  85 00 15 08 00 00 00 00  |................|
Raw Hex: 6000000000083afffe80000000000000 9e8db15a7aa79d9fff02000000000000 00000000000000028500150800000000
=================================================================================

[17:27:55.729] sent #9
--- Complete Hex Dump for sent #9 (52 bytes) ---
0000: 45 10 00 34 b1 26 40 00  40 06 f2 3b 0a 08 00 02  |E..4.&@.@..;....|
0010: d1 33 bc 14 ba fa 00 15  76 cc 6b 9e 69 df 06 d9  |.3......v.k.i...|
0020: 80 11 40 00 8e c4 00 00  01 01 08 0a aa c8 50 81  |..@...........P.|
0030: 2e 17 d9 11                                       |....|
Raw Hex: 45100034b12640004006f23b0a080002 d133bc14bafa001576cc6b9e69df06d9 801140008ec400000101080aaac85081 2e17d911
=================================================================================

[17:27:56.646] sent #10
--- Complete Hex Dump for sent #10 (52 bytes) ---
0000: 45 10 00 34 b1 27 40 00  40 06 f2 3a 0a 08 00 02  |E..4.'@.@..:....|
0010: d1 33 bc 14 ba fa 00 15  76 cc 6b 9e 69 df 06 d9  |.3......v.k.i...|
0020: 80 11 40 00 8b 2c 00 00  01 01 08 0a aa c8 54 19  |..@..,........T.|
0030: 2e 17 d9 11                                       |....|
Raw Hex: 45100034b12740004006f23a0a080002 d133bc14bafa001576cc6b9e69df06d9 801140008b2c00000101080aaac85419 2e17d911
=================================================================================

[17:27:57.691] sent #11
--- Complete Hex Dump for sent #11 (52 bytes) ---
0000: 45 10 00 34 b1 28 40 00  40 06 f2 39 0a 08 00 02  |E..4.(@.@..9....|
0010: d1 33 bc 14 ba fa 00 15  76 cc 6b 9e 69 df 06 d9  |.3......v.k.i...|
0020: 80 11 40 00 87 1c 00 00  01 01 08 0a aa c8 58 29  |..@...........X)|
0030: 2e 17 d9 11                                       |....|
Raw Hex: 45100034b12840004006f2390a080002 d133bc14bafa001576cc6b9e69df06d9 80114000871c00000101080aaac85829 2e17d911
=================================================================================

[17:27:59.690] sent #12
--- Complete Hex Dump for sent #12 (52 bytes) ---
0000: 45 10 00 34 b1 29 40 00  40 06 f2 38 0a 08 00 02  |E..4.)@.@..8....|
0010: d1 33 bc 14 ba fa 00 15  76 cc 6b 9e 69 df 06 d9  |.3......v.k.i...|
0020: 80 11 40 00 7f 4c 00 00  01 01 08 0a aa c8 5f f9  |..@..L........_.|
0030: 2e 17 d9 11                                       |....|
Raw Hex: 45100034b12940004006f2380a080002 d133bc14bafa001576cc6b9e69df06d9 801140007f4c00000101080aaac85ff9 2e17d911
=================================================================================

[17:28:03.607] sent #13
--- Complete Hex Dump for sent #13 (52 bytes) ---
0000: 45 10 00 34 b1 2a 40 00  40 06 f2 37 0a 08 00 02  |E..4.*@.@..7....|
0010: d1 33 bc 14 ba fa 00 15  76 cc 6b 9e 69 df 06 d9  |.3......v.k.i...|
0020: 80 11 40 00 6f fc 00 00  01 01 08 0a aa c8 6f 49  |..@.o.........oI|
0030: 2e 17 d9 11                                       |....|
Raw Hex: 45100034b12a40004006f2370a080002 d133bc14bafa001576cc6b9e69df06d9 801140006ffc00000101080aaac86f49 2e17d911
=================================================================================

[17:28:04.095] sent #14
--- Complete Hex Dump for sent #14 (57 bytes) ---
0000: 45 00 00 39 24 b0 40 00  40 11 fb ea 0a 08 00 02  |E..9$.@.@.......|
0010: 08 08 08 08 a1 39 00 35  00 25 92 33 4f 5e 01 00  |.....9.5.%.3O^..|
0020: 00 01 00 00 00 00 00 00  03 66 74 70 03 67 6e 75  |.........ftp.gnu|
0030: 03 6f 72 67 00 00 01 00  01                       |.org.....|
Raw Hex: 4500003924b040004011fbea0a080002 08080808a1390035002592334f5e0100 00010000000000000366747003676e75 036f72670000010001
=================================================================================

[17:28:04.114] sent #15
--- Complete Hex Dump for sent #15 (57 bytes) ---
0000: 45 00 00 39 24 b1 40 00  40 11 fb e9 0a 08 00 02  |E..9$.@.@.......|
0010: 08 08 08 08 a1 39 00 35  00 25 e7 3c df 54 01 00  |.....9.5.%.<.T..|
0020: 00 01 00 00 00 00 00 00  03 66 74 70 03 67 6e 75  |.........ftp.gnu|
0030: 03 6f 72 67 00 00 1c 00  01                       |.org.....|
Raw Hex: 4500003924b140004011fbe90a080002 08080808a13900350025e73cdf540100 00010000000000000366747003676e75 036f726700001c0001
=================================================================================

[17:28:04.164] sent #16
--- Complete Hex Dump for sent #16 (60 bytes) ---
0000: 45 00 00 3c 93 c4 40 00  40 06 0f a6 0a 08 00 02  |E..<..@.@.......|
0010: d1 33 bc 14 a0 c2 00 15  31 79 c2 10 00 00 00 00  |.3......1y......|
0020: a0 02 ff ff 00 19 00 00  02 04 05 b4 04 02 08 0a  |................|
0030: aa c8 71 70 00 00 00 00  01 03 03 02              |..qp........|
Raw Hex: 4500003c93c4400040060fa60a080002 d133bc14a0c200153179c21000000000 a002ffff00190000020405b40402080a aac871700000000001030302
=================================================================================

[17:28:04.483] sent #17
--- Complete Hex Dump for sent #17 (52 bytes) ---
0000: 45 00 00 34 93 c5 40 00  40 06 0f ad 0a 08 00 02  |E..4..@.@.......|
0010: d1 33 bc 14 a0 c2 00 15  31 79 c2 11 0e 2f 80 e5  |.3......1y.../..|
0020: 80 10 40 00 e3 47 00 00  01 01 08 0a aa c8 72 b2  |..@..G........r.|
0030: 2e 18 4d 19                                       |..M.|
Raw Hex: 4500003493c5400040060fad0a080002 d133bc14a0c200153179c2110e2f80e5 80104000e34700000101080aaac872b2 2e184d19
=================================================================================

[17:28:07.341] sent #18
--- Complete Hex Dump for sent #18 (52 bytes) ---
0000: 45 10 00 34 93 c6 40 00  40 06 0f 9c 0a 08 00 02  |E..4..@.@.......|
0010: d1 33 bc 14 a0 c2 00 15  31 79 c2 11 0e 2f 80 e5  |.3......1y.../..|
0020: 80 11 40 00 d8 1a 00 00  01 01 08 0a aa c8 7d de  |..@...........}.|
0030: 2e 18 4d 19                                       |..M.|
Raw Hex: 4510003493c6400040060f9c0a080002 d133bc14a0c200153179c2110e2f80e5 80114000d81a00000101080aaac87dde 2e184d19
=================================================================================

[17:28:08.251] sent #19
--- Complete Hex Dump for sent #19 (52 bytes) ---
0000: 45 10 00 34 93 c7 40 00  40 06 0f 9b 0a 08 00 02  |E..4..@.@.......|
0010: d1 33 bc 14 a0 c2 00 15  31 79 c2 11 0e 2f 80 e5  |.3......1y.../..|
0020: 80 11 40 00 d4 8f 00 00  01 01 08 0a aa c8 81 69  |..@............i|
0030: 2e 18 4d 19                                       |..M.|
Raw Hex: 4510003493c7400040060f9b0a080002 d133bc14a0c200153179c2110e2f80e5 80114000d48f00000101080aaac88169 2e184d19
=================================================================================

[17:28:09.289] sent #20
--- Complete Hex Dump for sent #20 (52 bytes) ---
0000: 45 10 00 34 93 c8 40 00  40 06 0f 9a 0a 08 00 02  |E..4..@.@.......|
0010: d1 33 bc 14 a0 c2 00 15  31 79 c2 11 0e 2f 80 e5  |.3......1y.../..|
0020: 80 11 40 00 d0 7f 00 00  01 01 08 0a aa c8 85 79  |..@............y|
0030: 2e 18 4d 19                                       |..M.|
Raw Hex: 4510003493c8400040060f9a0a080002 d133bc14a0c200153179c2110e2f80e5 80114000d07f00000101080aaac88579 2e184d19
=================================================================================

[17:28:11.288] sent #21
--- Complete Hex Dump for sent #21 (52 bytes) ---
0000: 45 10 00 34 93 c9 40 00  40 06 0f 99 0a 08 00 02  |E..4..@.@.......|
0010: d1 33 bc 14 a0 c2 00 15  31 79 c2 11 0e 2f 80 e5  |.3......1y.../..|
0020: 80 11 40 00 c8 af 00 00  01 01 08 0a aa c8 8d 49  |..@............I|
0030: 2e 18 4d 19                                       |..M.|
Raw Hex: 4510003493c9400040060f990a080002 d133bc14a0c200153179c2110e2f80e5 80114000c8af00000101080aaac88d49 2e184d19
=================================================================================

[17:28:11.847] sent #22
--- Complete Hex Dump for sent #22 (52 bytes) ---
0000: 45 10 00 34 b1 2b 40 00  40 06 f2 36 0a 08 00 02  |E..4.+@.@..6....|
0010: d1 33 bc 14 ba fa 00 15  76 cc 6b 9e 69 df 06 d9  |.3......v.k.i...|
0020: 80 11 40 00 50 1b 00 00  01 01 08 0a aa c8 8f 2a  |..@.P..........*|
0030: 2e 17 d9 11                                       |....|
Raw Hex: 45100034b12b40004006f2360a080002 d133bc14bafa001576cc6b9e69df06d9 80114000501b00000101080aaac88f2a 2e17d911
=================================================================================

[17:28:15.207] sent #23
--- Complete Hex Dump for sent #23 (52 bytes) ---
0000: 45 10 00 34 93 ca 40 00  40 06 0f 98 0a 08 00 02  |E..4..@.@.......|
0010: d1 33 bc 14 a0 c2 00 15  31 79 c2 11 0e 2f 80 e5  |.3......1y.../..|
0020: 80 11 40 00 b9 5f 00 00  01 01 08 0a aa c8 9c 99  |..@.._..........|
0030: 2e 18 4d 19                                       |..M.|
Raw Hex: 4510003493ca400040060f980a080002 d133bc14a0c200153179c2110e2f80e5 80114000b95f00000101080aaac89c99 2e184d19
=================================================================================

[17:28:23.286] sent #24
--- Complete Hex Dump for sent #24 (52 bytes) ---
0000: 45 10 00 34 93 cb 40 00  40 06 0f 97 0a 08 00 02  |E..4..@.@.......|
0010: d1 33 bc 14 a0 c2 00 15  31 79 c2 11 0e 2f 80 e5  |.3......1y.../..|
0020: 80 11 40 00 99 cf 00 00  01 01 08 0a aa c8 bc 29  |..@............)|
0030: 2e 18 4d 19                                       |..M.|
Raw Hex: 4510003493cb400040060f970a080002 d133bc14a0c200153179c2110e2f80e5 8011400099cf00000101080aaac8bc29 2e184d19
=================================================================================

[17:28:23.927] sent #25
--- Complete Hex Dump for sent #25 (48 bytes) ---
0000: 60 00 00 00 00 08 3a ff  fe 80 00 00 00 00 00 00  |`.....:.........|
0010: 9e 8d b1 5a 7a a7 9d 9f  ff 02 00 00 00 00 00 00  |...Zz...........|
0020: 00 00 00 00 00 00 00 02  85 00 15 08 00 00 00 00  |................|
Raw Hex: 6000000000083afffe80000000000000 9e8db15a7aa79d9fff02000000000000 00000000000000028500150800000000
=================================================================================

[17:28:27.773] sent #26
--- Complete Hex Dump for sent #26 (52 bytes) ---
0000: 45 10 00 34 b1 2c 40 00  40 06 f2 35 0a 08 00 02  |E..4.,@.@..5....|
0010: d1 33 bc 14 ba fa 00 15  76 cc 6b 9e 69 df 06 d9  |.3......v.k.i...|
0020: 80 11 40 00 11 9c 00 00  01 01 08 0a aa c8 cd a9  |..@.............|
0030: 2e 17 d9 11                                       |....|
Raw Hex: 45100034b12c40004006f2350a080002 d133bc14bafa001576cc6b9e69df06d9 80114000119c00000101080aaac8cda9 2e17d911
=================================================================================

[17:28:32.371] sent #27
--- Complete Hex Dump for sent #27 (75 bytes) ---
0000: 45 00 00 4b 29 3c 40 00  40 11 f7 4c 0a 08 00 02  |E..K)<@.@..L....|
0010: 08 08 08 08 c9 0c 00 35  00 37 65 d5 62 d2 01 00  |.......5.7e.b...|
0020: 00 01 00 00 00 00 00 00  05 5f 68 74 74 70 04 5f  |........._http._|
0030: 74 63 70 07 61 72 63 68  69 76 65 06 75 62 75 6e  |tcp.archive.ubun|
0040: 74 75 03 63 6f 6d 00 00  21 00 01                 |tu.com..!..|
Raw Hex: 4500004b293c40004011f74c0a080002 08080808c90c0035003765d562d20100 0001000000000000055f68747470045f 7463700761726368697665067562756e 747503636f6d0000210001
=================================================================================

[17:28:32.453] sent #28
--- Complete Hex Dump for sent #28 (64 bytes) ---
0000: 45 00 00 40 ca ac 40 00  40 11 55 e7 0a 08 00 02  |E..@..@.@.U.....|
0010: 08 08 08 08 a7 09 00 35  00 2c ad 7e 1a 57 01 00  |.......5.,.~.W..|
0020: 00 01 00 00 00 00 00 00  07 61 72 63 68 69 76 65  |.........archive|
0030: 06 75 62 75 6e 74 75 03  63 6f 6d 00 00 01 00 01  |.ubuntu.com.....|
Raw Hex: 45000040caac4000401155e70a080002 08080808a7090035002cad7e1a570100 00010000000000000761726368697665 067562756e747503636f6d0000010001
=================================================================================

[17:28:32.475] sent #29
--- Complete Hex Dump for sent #29 (64 bytes) ---
0000: 45 00 00 40 ca ad 40 00  40 11 55 e6 0a 08 00 02  |E..@..@.@.U.....|
0010: 08 08 08 08 a7 09 00 35  00 2c fc 60 cb 59 01 00  |.......5.,.`.Y..|
0020: 00 01 00 00 00 00 00 00  07 61 72 63 68 69 76 65  |.........archive|
0030: 06 75 62 75 6e 74 75 03  63 6f 6d 00 00 1c 00 01  |.ubuntu.com.....|
Raw Hex: 45000040caad4000401155e60a080002 08080808a7090035002cfc60cb590100 00010000000000000761726368697665 067562756e747503636f6d00001c0001
=================================================================================

[17:28:32.509] sent #30
--- Complete Hex Dump for sent #30 (60 bytes) ---
0000: 45 00 00 3c 65 a4 40 00  40 06 53 3f 0a 08 00 02  |E..<e.@.@.S?....|
0010: b9 7d be 51 af 84 00 50  02 14 d1 bf 00 00 00 00  |.}.Q...P........|
0020: a0 02 fa f0 c1 6a 00 00  02 04 05 b4 04 02 08 0a  |.....j..........|
0030: 5b bd 2a 66 00 00 00 00  01 03 03 07              |[.*f........|
Raw Hex: 4500003c65a440004006533f0a080002 b97dbe51af8400500214d1bf00000000 a002faf0c16a0000020405b40402080a 5bbd2a660000000001030307
=================================================================================

[17:28:32.704] sent #31
--- Complete Hex Dump for sent #31 (52 bytes) ---
0000: 45 00 00 34 65 a5 40 00  40 06 53 46 0a 08 00 02  |E..4e.@.@.SF....|
0010: b9 7d be 51 af 84 00 50  02 14 d1 c0 e0 c8 df ca  |.}.Q...P........|
0020: 80 10 01 f6 ff a9 00 00  01 01 08 0a 5b bd 2b 29  |............[.+)|
0030: 05 10 23 11                                       |..#.|
Raw Hex: 4500003465a54000400653460a080002 b97dbe51af8400500214d1c0e0c8dfca 801001f6ffa900000101080a5bbd2b29 05102311
=================================================================================

[17:28:32.714] sent #32
--- Complete Hex Dump for sent #32 (222 bytes) ---
0000: 45 00 00 de 65 a6 40 00  40 06 52 9b 0a 08 00 02  |E...e.@.@.R.....|
0010: b9 7d be 51 af 84 00 50  02 14 d1 c0 e0 c8 df ca  |.}.Q...P........|
0020: 80 18 01 f6 1d 34 00 00  01 01 08 0a 5b bd 2b 29  |.....4......[.+)|
0030: 05 10 23 11 47 45 54 20  2f 75 62 75 6e 74 75 2f  |..#.GET /ubuntu/|
0040: 70 6f 6f 6c 2f 6d 61 69  6e 2f 69 2f 69 6e 65 74  |pool/main/i/inet|
0050: 75 74 69 6c 73 2f 69 6e  65 74 75 74 69 6c 73 2d  |utils/inetutils-|
0060: 74 65 6c 6e 65 74 5f 32  2e 35 2d 33 75 62 75 6e  |telnet_2.5-3ubun|
0070: 74 75 34 5f 61 6d 64 36  34 2e 64 65 62 20 48 54  |tu4_amd64.deb HT|
0080: 54 50 2f 31 2e 31 0d 0a  48 6f 73 74 3a 20 61 72  |TP/1.1..Host: ar|
0090: 63 68 69 76 65 2e 75 62  75 6e 74 75 2e 63 6f 6d  |chive.ubuntu.com|
00a0: 0d 0a 55 73 65 72 2d 41  67 65 6e 74 3a 20 44 65  |..User-Agent: De|
00b0: 62 69 61 6e 20 41 50 54  2d 48 54 54 50 2f 31 2e  |bian APT-HTTP/1.|
00c0: 33 20 28 32 2e 37 2e 31  34 29 20 6e 6f 6e 2d 69  |3 (2.7.14) non-i|
00d0: 6e 74 65 72 61 63 74 69  76 65 0d 0a 0d 0a        |nteractive....|
Raw Hex: 450000de65a640004006529b0a080002 b97dbe51af8400500214d1c0e0c8dfca 801801f61d3400000101080a5bbd2b29 05102311474554202f7562756e74752f 706f6f6c2f6d61696e2f692f696e6574 7574696c732f696e65747574696c732d 74656c6e65745f322e352d337562756e 7475345f616d6436342e646562204854 54502f312e310d0a486f73743a206172 63686976652e7562756e74752e636f6d 0d0a557365722d4167656e743a204465 6269616e204150542d485454502f312e 332028322e372e313429206e6f6e2d69 6e7465726163746976650d0a0d0a
=================================================================================

[17:28:33.296] sent #33
--- Complete Hex Dump for sent #33 (222 bytes) ---
0000: 45 00 00 de 65 a7 40 00  40 06 52 9a 0a 08 00 02  |E...e.@.@.R.....|
0010: b9 7d be 51 af 84 00 50  02 14 d1 c0 e0 c8 df ca  |.}.Q...P........|
0020: 80 18 01 f6 1a e1 00 00  01 01 08 0a 5b bd 2d 7c  |............[.-||
0030: 05 10 23 11 47 45 54 20  2f 75 62 75 6e 74 75 2f  |..#.GET /ubuntu/|
0040: 70 6f 6f 6c 2f 6d 61 69  6e 2f 69 2f 69 6e 65 74  |pool/main/i/inet|
0050: 75 74 69 6c 73 2f 69 6e  65 74 75 74 69 6c 73 2d  |utils/inetutils-|
0060: 74 65 6c 6e 65 74 5f 32  2e 35 2d 33 75 62 75 6e  |telnet_2.5-3ubun|
0070: 74 75 34 5f 61 6d 64 36  34 2e 64 65 62 20 48 54  |tu4_amd64.deb HT|
0080: 54 50 2f 31 2e 31 0d 0a  48 6f 73 74 3a 20 61 72  |TP/1.1..Host: ar|
0090: 63 68 69 76 65 2e 75 62  75 6e 74 75 2e 63 6f 6d  |chive.ubuntu.com|
00a0: 0d 0a 55 73 65 72 2d 41  67 65 6e 74 3a 20 44 65  |..User-Agent: De|
00b0: 62 69 61 6e 20 41 50 54  2d 48 54 54 50 2f 31 2e  |bian APT-HTTP/1.|
00c0: 33 20 28 32 2e 37 2e 31  34 29 20 6e 6f 6e 2d 69  |3 (2.7.14) non-i|
00d0: 6e 74 65 72 61 63 74 69  76 65 0d 0a 0d 0a        |nteractive....|
Raw Hex: 450000de65a740004006529a0a080002 b97dbe51af8400500214d1c0e0c8dfca 801801f61ae100000101080a5bbd2d7c 05102311474554202f7562756e74752f 706f6f6c2f6d61696e2f692f696e6574 7574696c732f696e65747574696c732d 74656c6e65745f322e352d337562756e 7475345f616d6436342e646562204854 54502f312e310d0a486f73743a206172 63686976652e7562756e74752e636f6d 0d0a557365722d4167656e743a204465 6269616e204150542d485454502f312e 332028322e372e313429206e6f6e2d69 6e7465726163746976650d0a0d0a
=================================================================================

[17:28:33.904] sent #34
--- Complete Hex Dump for sent #34 (222 bytes) ---
0000: 45 00 00 de 65 a8 40 00  40 06 52 99 0a 08 00 02  |E...e.@.@.R.....|
0010: b9 7d be 51 af 84 00 50  02 14 d1 c0 e0 c8 df ca  |.}.Q...P........|
0020: 80 18 01 f6 18 89 00 00  01 01 08 0a 5b bd 2f d4  |............[./.|
0030: 05 10 23 11 47 45 54 20  2f 75 62 75 6e 74 75 2f  |..#.GET /ubuntu/|
0040: 70 6f 6f 6c 2f 6d 61 69  6e 2f 69 2f 69 6e 65 74  |pool/main/i/inet|
0050: 75 74 69 6c 73 2f 69 6e  65 74 75 74 69 6c 73 2d  |utils/inetutils-|
0060: 74 65 6c 6e 65 74 5f 32  2e 35 2d 33 75 62 75 6e  |telnet_2.5-3ubun|
0070: 74 75 34 5f 61 6d 64 36  34 2e 64 65 62 20 48 54  |tu4_amd64.deb HT|
0080: 54 50 2f 31 2e 31 0d 0a  48 6f 73 74 3a 20 61 72  |TP/1.1..Host: ar|
0090: 63 68 69 76 65 2e 75 62  75 6e 74 75 2e 63 6f 6d  |chive.ubuntu.com|
00a0: 0d 0a 55 73 65 72 2d 41  67 65 6e 74 3a 20 44 65  |..User-Agent: De|
00b0: 62 69 61 6e 20 41 50 54  2d 48 54 54 50 2f 31 2e  |bian APT-HTTP/1.|
00c0: 33 20 28 32 2e 37 2e 31  34 29 20 6e 6f 6e 2d 69  |3 (2.7.14) non-i|
00d0: 6e 74 65 72 61 63 74 69  76 65 0d 0a 0d 0a        |nteractive....|
Raw Hex: 450000de65a84000400652990a080002 b97dbe51af8400500214d1c0e0c8dfca 801801f6188900000101080a5bbd2fd4 05102311474554202f7562756e74752f 706f6f6c2f6d61696e2f692f696e6574 7574696c732f696e65747574696c732d 74656c6e65745f322e352d337562756e 7475345f616d6436342e646562204854 54502f312e310d0a486f73743a206172 63686976652e7562756e74752e636f6d 0d0a557365722d4167656e743a204465 6269616e204150542d485454502f312e 332028322e372e313429206e6f6e2d69 6e7465726163746976650d0a0d0a
=================================================================================

[17:28:35.127] sent #35
--- Complete Hex Dump for sent #35 (222 bytes) ---
0000: 45 00 00 de 65 a9 40 00  40 06 52 98 0a 08 00 02  |E...e.@.@.R.....|
0010: b9 7d be 51 af 84 00 50  02 14 d1 c0 e0 c8 df ca  |.}.Q...P........|
0020: 80 18 01 f6 13 bb 00 00  01 01 08 0a 5b bd 34 a2  |............[.4.|
0030: 05 10 23 11 47 45 54 20  2f 75 62 75 6e 74 75 2f  |..#.GET /ubuntu/|
0040: 70 6f 6f 6c 2f 6d 61 69  6e 2f 69 2f 69 6e 65 74  |pool/main/i/inet|
0050: 75 74 69 6c 73 2f 69 6e  65 74 75 74 69 6c 73 2d  |utils/inetutils-|
0060: 74 65 6c 6e 65 74 5f 32  2e 35 2d 33 75 62 75 6e  |telnet_2.5-3ubun|
0070: 74 75 34 5f 61 6d 64 36  34 2e 64 65 62 20 48 54  |tu4_amd64.deb HT|
0080: 54 50 2f 31 2e 31 0d 0a  48 6f 73 74 3a 20 61 72  |TP/1.1..Host: ar|
0090: 63 68 69 76 65 2e 75 62  75 6e 74 75 2e 63 6f 6d  |chive.ubuntu.com|
00a0: 0d 0a 55 73 65 72 2d 41  67 65 6e 74 3a 20 44 65  |..User-Agent: De|
00b0: 62 69 61 6e 20 41 50 54  2d 48 54 54 50 2f 31 2e  |bian APT-HTTP/1.|
00c0: 33 20 28 32 2e 37 2e 31  34 29 20 6e 6f 6e 2d 69  |3 (2.7.14) non-i|
00d0: 6e 74 65 72 61 63 74 69  76 65 0d 0a 0d 0a        |nteractive....|
Raw Hex: 450000de65a94000400652980a080002 b97dbe51af8400500214d1c0e0c8dfca 801801f613bb00000101080a5bbd34a2 05102311474554202f7562756e74752f 706f6f6c2f6d61696e2f692f696e6574 7574696c732f696e65747574696c732d 74656c6e65745f322e352d337562756e 7475345f616d6436342e646562204854 54502f312e310d0a486f73743a206172 63686976652e7562756e74752e636f6d 0d0a557365722d4167656e743a204465 6269616e204150542d485454502f312e 332028322e372e313429206e6f6e2d69 6e7465726163746976650d0a0d0a
=================================================================================

[17:28:37.529] sent #36
--- Complete Hex Dump for sent #36 (222 bytes) ---
0000: 45 00 00 de 65 aa 40 00  40 06 52 97 0a 08 00 02  |E...e.@.@.R.....|
0010: b9 7d be 51 af 84 00 50  02 14 d1 c0 e0 c8 df ca  |.}.Q...P........|
0020: 80 18 01 f6 0a 5b 00 00  01 01 08 0a 5b bd 3e 02  |.....[......[.>.|
0030: 05 10 23 11 47 45 54 20  2f 75 62 75 6e 74 75 2f  |..#.GET /ubuntu/|
0040: 70 6f 6f 6c 2f 6d 61 69  6e 2f 69 2f 69 6e 65 74  |pool/main/i/inet|
0050: 75 74 69 6c 73 2f 69 6e  65 74 75 74 69 6c 73 2d  |utils/inetutils-|
0060: 74 65 6c 6e 65 74 5f 32  2e 35 2d 33 75 62 75 6e  |telnet_2.5-3ubun|
0070: 74 75 34 5f 61 6d 64 36  34 2e 64 65 62 20 48 54  |tu4_amd64.deb HT|
0080: 54 50 2f 31 2e 31 0d 0a  48 6f 73 74 3a 20 61 72  |TP/1.1..Host: ar|
0090: 63 68 69 76 65 2e 75 62  75 6e 74 75 2e 63 6f 6d  |chive.ubuntu.com|
00a0: 0d 0a 55 73 65 72 2d 41  67 65 6e 74 3a 20 44 65  |..User-Agent: De|
00b0: 62 69 61 6e 20 41 50 54  2d 48 54 54 50 2f 31 2e  |bian APT-HTTP/1.|
00c0: 33 20 28 32 2e 37 2e 31  34 29 20 6e 6f 6e 2d 69  |3 (2.7.14) non-i|
00d0: 6e 74 65 72 61 63 74 69  76 65 0d 0a 0d 0a        |nteractive....|
Raw Hex: 450000de65aa4000400652970a080002 b97dbe51af8400500214d1c0e0c8dfca 801801f60a5b00000101080a5bbd3e02 05102311474554202f7562756e74752f 706f6f6c2f6d61696e2f692f696e6574 7574696c732f696e65747574696c732d 74656c6e65745f322e352d337562756e 7475345f616d6436342e646562204854 54502f312e310d0a486f73743a206172 63686976652e7562756e74752e636f6d 0d0a557365722d4167656e743a204465 6269616e204150542d485454502f312e 332028322e372e313429206e6f6e2d69 6e7465726163746976650d0a0d0a
=================================================================================

[17:28:39.291] sent #37
--- Complete Hex Dump for sent #37 (52 bytes) ---
0000: 45 10 00 34 93 cc 40 00  40 06 0f 96 0a 08 00 02  |E..4..@.@.......|
0010: d1 33 bc 14 a0 c2 00 15  31 79 c2 11 0e 2f 80 e5  |.3......1y.../..|
0020: 80 11 40 00 5b 4f 00 00  01 01 08 0a aa c8 fa a9  |..@.[O..........|
0030: 2e 18 4d 19                                       |..M.|
Raw Hex: 4510003493cc400040060f960a080002 d133bc14a0c200153179c2110e2f80e5 801140005b4f00000101080aaac8faa9 2e184d19
=================================================================================

[17:28:42.327] sent #38
--- Complete Hex Dump for sent #38 (222 bytes) ---
0000: 45 00 00 de 65 ab 40 00  40 06 52 96 0a 08 00 02  |E...e.@.@.R.....|
0010: b9 7d be 51 af 84 00 50  02 14 d1 c0 e0 c8 df ca  |.}.Q...P........|
0020: 80 18 01 f6 f7 9a 00 00  01 01 08 0a 5b bd 50 c2  |............[.P.|
0030: 05 10 23 11 47 45 54 20  2f 75 62 75 6e 74 75 2f  |..#.GET /ubuntu/|
0040: 70 6f 6f 6c 2f 6d 61 69  6e 2f 69 2f 69 6e 65 74  |pool/main/i/inet|
0050: 75 74 69 6c 73 2f 69 6e  65 74 75 74 69 6c 73 2d  |utils/inetutils-|
0060: 74 65 6c 6e 65 74 5f 32  2e 35 2d 33 75 62 75 6e  |telnet_2.5-3ubun|
0070: 74 75 34 5f 61 6d 64 36  34 2e 64 65 62 20 48 54  |tu4_amd64.deb HT|
0080: 54 50 2f 31 2e 31 0d 0a  48 6f 73 74 3a 20 61 72  |TP/1.1..Host: ar|
0090: 63 68 69 76 65 2e 75 62  75 6e 74 75 2e 63 6f 6d  |chive.ubuntu.com|
00a0: 0d 0a 55 73 65 72 2d 41  67 65 6e 74 3a 20 44 65  |..User-Agent: De|
00b0: 62 69 61 6e 20 41 50 54  2d 48 54 54 50 2f 31 2e  |bian APT-HTTP/1.|
00c0: 33 20 28 32 2e 37 2e 31  34 29 20 6e 6f 6e 2d 69  |3 (2.7.14) non-i|
00d0: 6e 74 65 72 61 63 74 69  76 65 0d 0a 0d 0a        |nteractive....|
Raw Hex: 450000de65ab4000400652960a080002 b97dbe51af8400500214d1c0e0c8dfca 801801f6f79a00000101080a5bbd50c2 05102311474554202f7562756e74752f 706f6f6c2f6d61696e2f692f696e6574 7574696c732f696e65747574696c732d 74656c6e65745f322e352d337562756e 7475345f616d6436342e646562204854 54502f312e310d0a486f73743a206172 63686976652e7562756e74752e636f6d 0d0a557365722d4167656e743a204465 6269616e204150542d485454502f312e 332028322e372e313429206e6f6e2d69 6e7465726163746976650d0a0d0a
=================================================================================

[17:28:52.091] sent #39
--- Complete Hex Dump for sent #39 (222 bytes) ---
0000: 45 00 00 de 65 ac 40 00  40 06 52 95 0a 08 00 02  |E...e.@.@.R.....|
0010: b9 7d be 51 af 84 00 50  02 14 d1 c0 e0 c8 df ca  |.}.Q...P........|
0020: 80 18 01 f6 d1 7a 00 00  01 01 08 0a 5b bd 76 e2  |.....z......[.v.|
0030: 05 10 23 11 47 45 54 20  2f 75 62 75 6e 74 75 2f  |..#.GET /ubuntu/|
0040: 70 6f 6f 6c 2f 6d 61 69  6e 2f 69 2f 69 6e 65 74  |pool/main/i/inet|
0050: 75 74 69 6c 73 2f 69 6e  65 74 75 74 69 6c 73 2d  |utils/inetutils-|
0060: 74 65 6c 6e 65 74 5f 32  2e 35 2d 33 75 62 75 6e  |telnet_2.5-3ubun|
0070: 74 75 34 5f 61 6d 64 36  34 2e 64 65 62 20 48 54  |tu4_amd64.deb HT|
0080: 54 50 2f 31 2e 31 0d 0a  48 6f 73 74 3a 20 61 72  |TP/1.1..Host: ar|
0090: 63 68 69 76 65 2e 75 62  75 6e 74 75 2e 63 6f 6d  |chive.ubuntu.com|
00a0: 0d 0a 55 73 65 72 2d 41  67 65 6e 74 3a 20 44 65  |..User-Agent: De|
00b0: 62 69 61 6e 20 41 50 54  2d 48 54 54 50 2f 31 2e  |bian APT-HTTP/1.|
00c0: 33 20 28 32 2e 37 2e 31  34 29 20 6e 6f 6e 2d 69  |3 (2.7.14) non-i|
00d0: 6e 74 65 72 61 63 74 69  76 65 0d 0a 0d 0a        |nteractive....|
Raw Hex: 450000de65ac4000400652950a080002 b97dbe51af8400500214d1c0e0c8dfca 801801f6d17a00000101080a5bbd76e2 05102311474554202f7562756e74752f 706f6f6c2f6d61696e2f692f696e6574 7574696c732f696e65747574696c732d 74656c6e65745f322e352d337562756e 7475345f616d6436342e646562204854 54502f312e310d0a486f73743a206172 63686976652e7562756e74752e636f6d 0d0a557365722d4167656e743a204465 6269616e204150542d485454502f312e 332028322e372e313429206e6f6e2d69 6e7465726163746976650d0a0d0a
=================================================================================

[17:28:59.128] sent #40
--- Complete Hex Dump for sent #40 (52 bytes) ---
0000: 45 10 00 34 b1 2d 40 00  40 06 f2 34 0a 08 00 02  |E..4.-@.@..4....|
0010: d1 33 bc 14 ba fa 00 15  76 cc 6b 9e 69 df 06 d9  |.3......v.k.i...|
0020: 80 11 40 00 97 1b 00 00  01 01 08 0a aa c9 48 29  |..@...........H)|
0030: 2e 17 d9 11                                       |....|
Raw Hex: 45100034b12d40004006f2340a080002 d133bc14bafa001576cc6b9e69df06d9 80114000971b00000101080aaac94829 2e17d911
=================================================================================

[17:29:02.736] sent #41
--- Complete Hex Dump for sent #41 (52 bytes) ---
0000: 45 00 00 34 65 ad 40 00  40 06 53 3e 0a 08 00 02  |E..4e.@.@.S>....|
0010: b9 7d be 51 af 84 00 50  02 14 d2 6a e0 c8 df ca  |.}.Q...P...j....|
0020: 80 11 01 f6 89 af 00 00  01 01 08 0a 5b bd a0 78  |............[..x|
0030: 05 10 23 11                                       |..#.|
Raw Hex: 4500003465ad40004006533e0a080002 b97dbe51af8400500214d26ae0c8dfca 801101f689af00000101080a5bbda078 05102311
=================================================================================

[17:29:02.741] sent #42
--- Complete Hex Dump for sent #42 (60 bytes) ---
0000: 45 00 00 3c 2a 11 40 00  40 06 4f 92 0a 08 00 02  |E..<*.@.@.O.....|
0010: 5b bd 5b 52 cc dc 00 50  bb 8a 42 3f 00 00 00 00  |[.[R...P..B?....|
0020: a0 02 fa f0 ef 84 00 00  02 04 05 b4 04 02 08 0a  |................|
0030: cf 17 02 63 00 00 00 00  01 03 03 07              |...c........|
Raw Hex: 4500003c2a11400040064f920a080002 5bbd5b52ccdc0050bb8a423f00000000 a002faf0ef840000020405b40402080a cf1702630000000001030307
=================================================================================

[17:29:02.989] sent #43
--- Complete Hex Dump for sent #43 (60 bytes) ---
0000: 45 00 00 3c b2 4f 40 00  40 06 c7 54 0a 08 00 02  |E..<.O@.@..T....|
0010: 5b bd 5b 51 a1 ec 00 50  15 db 12 3f 00 00 00 00  |[.[Q...P...?....|
0020: a0 02 fa f0 55 9f 00 00  02 04 05 b4 04 02 08 0a  |....U...........|
0030: 5a a9 11 58 00 00 00 00  01 03 03 07              |Z..X........|
Raw Hex: 4500003cb24f40004006c7540a080002 5bbd5b51a1ec005015db123f00000000 a002faf0559f0000020405b40402080a 5aa911580000000001030307
=================================================================================

[17:29:03.052] sent #44
--- Complete Hex Dump for sent #44 (52 bytes) ---
0000: 45 00 00 34 2a 12 40 00  40 06 4f 99 0a 08 00 02  |E..4*.@.@.O.....|
0010: 5b bd 5b 52 cc dc 00 50  bb 8a 42 40 81 60 b1 cc  |[.[R...P..B@.`..|
0020: 80 10 01 f6 d9 d5 00 00  01 01 08 0a cf 17 03 9a  |................|
0030: b3 1b 55 e6                                       |..U.|
Raw Hex: 450000342a12400040064f990a080002 5bbd5b52ccdc0050bb8a42408160b1cc 801001f6d9d500000101080acf17039a b31b55e6
=================================================================================

[17:29:03.060] sent #45
--- Complete Hex Dump for sent #45 (222 bytes) ---
0000: 45 00 00 de 2a 13 40 00  40 06 4e ee 0a 08 00 02  |E...*.@.@.N.....|
0010: 5b bd 5b 52 cc dc 00 50  bb 8a 42 40 81 60 b1 cc  |[.[R...P..B@.`..|
0020: 80 18 01 f6 f7 5e 00 00  01 01 08 0a cf 17 03 9b  |.....^..........|
0030: b3 1b 55 e6 47 45 54 20  2f 75 62 75 6e 74 75 2f  |..U.GET /ubuntu/|
0040: 70 6f 6f 6c 2f 6d 61 69  6e 2f 69 2f 69 6e 65 74  |pool/main/i/inet|
0050: 75 74 69 6c 73 2f 69 6e  65 74 75 74 69 6c 73 2d  |utils/inetutils-|
0060: 74 65 6c 6e 65 74 5f 32  2e 35 2d 33 75 62 75 6e  |telnet_2.5-3ubun|
0070: 74 75 34 5f 61 6d 64 36  34 2e 64 65 62 20 48 54  |tu4_amd64.deb HT|
0080: 54 50 2f 31 2e 31 0d 0a  48 6f 73 74 3a 20 61 72  |TP/1.1..Host: ar|
0090: 63 68 69 76 65 2e 75 62  75 6e 74 75 2e 63 6f 6d  |chive.ubuntu.com|
00a0: 0d 0a 55 73 65 72 2d 41  67 65 6e 74 3a 20 44 65  |..User-Agent: De|
00b0: 62 69 61 6e 20 41 50 54  2d 48 54 54 50 2f 31 2e  |bian APT-HTTP/1.|
00c0: 33 20 28 32 2e 37 2e 31  34 29 20 6e 6f 6e 2d 69  |3 (2.7.14) non-i|
00d0: 6e 74 65 72 61 63 74 69  76 65 0d 0a 0d 0a        |nteractive....|
Raw Hex: 450000de2a13400040064eee0a080002 5bbd5b52ccdc0050bb8a42408160b1cc 801801f6f75e00000101080acf17039b b31b55e6474554202f7562756e74752f 706f6f6c2f6d61696e2f692f696e6574 7574696c732f696e65747574696c732d 74656c6e65745f322e352d337562756e 7475345f616d6436342e646562204854 54502f312e310d0a486f73743a206172 63686976652e7562756e74752e636f6d 0d0a557365722d4167656e743a204465 6269616e204150542d485454502f312e 332028322e372e313429206e6f6e2d69 6e7465726163746976650d0a0d0a
=================================================================================

[17:29:03.275] sent #46
--- Complete Hex Dump for sent #46 (40 bytes) ---
0000: 45 00 00 28 00 00 40 00  40 06 79 b8 0a 08 00 02  |E..(..@.@.y.....|
0010: 5b bd 5b 51 a1 ec 00 50  15 db 12 40 00 00 00 00  |[.[Q...P...@....|
0020: 50 04 00 00 24 71 00 00                           |P...$q..|
Raw Hex: 4500002800004000400679b80a080002 5bbd5b51a1ec005015db124000000000 5004000024710000
=================================================================================

[17:29:03.933] sent #47
--- Complete Hex Dump for sent #47 (222 bytes) ---
0000: 45 00 00 de 2a 14 40 00  40 06 4e ed 0a 08 00 02  |E...*.@.@.N.....|
0010: 5b bd 5b 52 cc dc 00 50  bb 8a 42 40 81 60 b1 cc  |[.[R...P..B@.`..|
0020: 80 18 01 f6 f3 ee 00 00  01 01 08 0a cf 17 07 0b  |................|
0030: b3 1b 55 e6 47 45 54 20  2f 75 62 75 6e 74 75 2f  |..U.GET /ubuntu/|
0040: 70 6f 6f 6c 2f 6d 61 69  6e 2f 69 2f 69 6e 65 74  |pool/main/i/inet|
0050: 75 74 69 6c 73 2f 69 6e  65 74 75 74 69 6c 73 2d  |utils/inetutils-|
0060: 74 65 6c 6e 65 74 5f 32  2e 35 2d 33 75 62 75 6e  |telnet_2.5-3ubun|
0070: 74 75 34 5f 61 6d 64 36  34 2e 64 65 62 20 48 54  |tu4_amd64.deb HT|
0080: 54 50 2f 31 2e 31 0d 0a  48 6f 73 74 3a 20 61 72  |TP/1.1..Host: ar|
0090: 63 68 69 76 65 2e 75 62  75 6e 74 75 2e 63 6f 6d  |chive.ubuntu.com|
00a0: 0d 0a 55 73 65 72 2d 41  67 65 6e 74 3a 20 44 65  |..User-Agent: De|
00b0: 62 69 61 6e 20 41 50 54  2d 48 54 54 50 2f 31 2e  |bian APT-HTTP/1.|
00c0: 33 20 28 32 2e 37 2e 31  34 29 20 6e 6f 6e 2d 69  |3 (2.7.14) non-i|
00d0: 6e 74 65 72 61 63 74 69  76 65 0d 0a 0d 0a        |nteractive....|
Raw Hex: 450000de2a14400040064eed0a080002 5bbd5b52ccdc0050bb8a42408160b1cc 801801f6f3ee00000101080acf17070b b31b55e6474554202f7562756e74752f 706f6f6c2f6d61696e2f692f696e6574 7574696c732f696e65747574696c732d 74656c6e65745f322e352d337562756e 7475345f616d6436342e646562204854 54502f312e310d0a486f73743a206172 63686976652e7562756e74752e636f6d 0d0a557365722d4167656e743a204465 6269616e204150542d485454502f312e 332028322e372e313429206e6f6e2d69 6e7465726163746976650d0a0d0a
=================================================================================

[17:29:04.895] sent #48
--- Complete Hex Dump for sent #48 (222 bytes) ---
0000: 45 00 00 de 2a 15 40 00  40 06 4e ec 0a 08 00 02  |E...*.@.@.N.....|
0010: 5b bd 5b 52 cc dc 00 50  bb 8a 42 40 81 60 b1 cc  |[.[R...P..B@.`..|
0020: 80 18 01 f6 f0 2e 00 00  01 01 08 0a cf 17 0a cb  |................|
0030: b3 1b 55 e6 47 45 54 20  2f 75 62 75 6e 74 75 2f  |..U.GET /ubuntu/|
0040: 70 6f 6f 6c 2f 6d 61 69  6e 2f 69 2f 69 6e 65 74  |pool/main/i/inet|
0050: 75 74 69 6c 73 2f 69 6e  65 74 75 74 69 6c 73 2d  |utils/inetutils-|
0060: 74 65 6c 6e 65 74 5f 32  2e 35 2d 33 75 62 75 6e  |telnet_2.5-3ubun|
0070: 74 75 34 5f 61 6d 64 36  34 2e 64 65 62 20 48 54  |tu4_amd64.deb HT|
0080: 54 50 2f 31 2e 31 0d 0a  48 6f 73 74 3a 20 61 72  |TP/1.1..Host: ar|
0090: 63 68 69 76 65 2e 75 62  75 6e 74 75 2e 63 6f 6d  |chive.ubuntu.com|
00a0: 0d 0a 55 73 65 72 2d 41  67 65 6e 74 3a 20 44 65  |..User-Agent: De|
00b0: 62 69 61 6e 20 41 50 54  2d 48 54 54 50 2f 31 2e  |bian APT-HTTP/1.|
00c0: 33 20 28 32 2e 37 2e 31  34 29 20 6e 6f 6e 2d 69  |3 (2.7.14) non-i|
00d0: 6e 74 65 72 61 63 74 69  76 65 0d 0a 0d 0a        |nteractive....|
Raw Hex: 450000de2a15400040064eec0a080002 5bbd5b52ccdc0050bb8a42408160b1cc 801801f6f02e00000101080acf170acb b31b55e6474554202f7562756e74752f 706f6f6c2f6d61696e2f692f696e6574 7574696c732f696e65747574696c732d 74656c6e65745f322e352d337562756e 7475345f616d6436342e646562204854 54502f312e310d0a486f73743a206172 63686976652e7562756e74752e636f6d 0d0a557365722d4167656e743a204465 6269616e204150542d485454502f312e 332028322e372e313429206e6f6e2d69 6e7465726163746976650d0a0d0a
=================================================================================

[17:29:06.811] sent #49
--- Complete Hex Dump for sent #49 (222 bytes) ---
0000: 45 00 00 de 2a 16 40 00  40 06 4e eb 0a 08 00 02  |E...*.@.@.N.....|
0010: 5b bd 5b 52 cc dc 00 50  bb 8a 42 40 81 60 b1 cc  |[.[R...P..B@.`..|
0020: 80 18 01 f6 e8 ae 00 00  01 01 08 0a cf 17 12 4b  |...............K|
0030: b3 1b 55 e6 47 45 54 20  2f 75 62 75 6e 74 75 2f  |..U.GET /ubuntu/|
0040: 70 6f 6f 6c 2f 6d 61 69  6e 2f 69 2f 69 6e 65 74  |pool/main/i/inet|
0050: 75 74 69 6c 73 2f 69 6e  65 74 75 74 69 6c 73 2d  |utils/inetutils-|
0060: 74 65 6c 6e 65 74 5f 32  2e 35 2d 33 75 62 75 6e  |telnet_2.5-3ubun|
0070: 74 75 34 5f 61 6d 64 36  34 2e 64 65 62 20 48 54  |tu4_amd64.deb HT|
0080: 54 50 2f 31 2e 31 0d 0a  48 6f 73 74 3a 20 61 72  |TP/1.1..Host: ar|
0090: 63 68 69 76 65 2e 75 62  75 6e 74 75 2e 63 6f 6d  |chive.ubuntu.com|
00a0: 0d 0a 55 73 65 72 2d 41  67 65 6e 74 3a 20 44 65  |..User-Agent: De|
00b0: 62 69 61 6e 20 41 50 54  2d 48 54 54 50 2f 31 2e  |bian APT-HTTP/1.|
00c0: 33 20 28 32 2e 37 2e 31  34 29 20 6e 6f 6e 2d 69  |3 (2.7.14) non-i|
00d0: 6e 74 65 72 61 63 74 69  76 65 0d 0a 0d 0a        |nteractive....|
Raw Hex: 450000de2a16400040064eeb0a080002 5bbd5b52ccdc0050bb8a42408160b1cc 801801f6e8ae00000101080acf17124b b31b55e6474554202f7562756e74752f 706f6f6c2f6d61696e2f692f696e6574 7574696c732f696e65747574696c732d 74656c6e65745f322e352d337562756e 7475345f616d6436342e646562204854 54502f312e310d0a486f73743a206172 63686976652e7562756e74752e636f6d 0d0a557365722d4167656e743a204465 6269616e204150542d485454502f312e 332028322e372e313429206e6f6e2d69 6e7465726163746976650d0a0d0a
=================================================================================

[17:29:10.653] sent #50
--- Complete Hex Dump for sent #50 (52 bytes) ---
0000: 45 10 00 34 93 cd 40 00  40 06 0f 95 0a 08 00 02  |E..4..@.@.......|
0010: d1 33 bc 14 a0 c2 00 15  31 79 c2 11 0e 2f 80 e5  |.3......1y.../..|
0020: 80 11 40 00 e0 ce 00 00  01 01 08 0a aa c9 75 29  |..@...........u)|
0030: 2e 18 4d 19                                       |..M.|
Raw Hex: 4510003493cd400040060f950a080002 d133bc14a0c200153179c2110e2f80e5 80114000e0ce00000101080aaac97529 2e184d19
=================================================================================

[17:29:10.665] sent #51
--- Complete Hex Dump for sent #51 (222 bytes) ---
0000: 45 00 00 de 2a 17 40 00  40 06 4e ea 0a 08 00 02  |E...*.@.@.N.....|
0010: 5b bd 5b 52 cc dc 00 50  bb 8a 42 40 81 60 b1 cc  |[.[R...P..B@.`..|
0020: 80 18 01 f6 d9 ae 00 00  01 01 08 0a cf 17 21 4b  |..............!K|
0030: b3 1b 55 e6 47 45 54 20  2f 75 62 75 6e 74 75 2f  |..U.GET /ubuntu/|
0040: 70 6f 6f 6c 2f 6d 61 69  6e 2f 69 2f 69 6e 65 74  |pool/main/i/inet|
0050: 75 74 69 6c 73 2f 69 6e  65 74 75 74 69 6c 73 2d  |utils/inetutils-|
0060: 74 65 6c 6e 65 74 5f 32  2e 35 2d 33 75 62 75 6e  |telnet_2.5-3ubun|
0070: 74 75 34 5f 61 6d 64 36  34 2e 64 65 62 20 48 54  |tu4_amd64.deb HT|
0080: 54 50 2f 31 2e 31 0d 0a  48 6f 73 74 3a 20 61 72  |TP/1.1..Host: ar|
0090: 63 68 69 76 65 2e 75 62  75 6e 74 75 2e 63 6f 6d  |chive.ubuntu.com|
00a0: 0d 0a 55 73 65 72 2d 41  67 65 6e 74 3a 20 44 65  |..User-Agent: De|
00b0: 62 69 61 6e 20 41 50 54  2d 48 54 54 50 2f 31 2e  |bian APT-HTTP/1.|
00c0: 33 20 28 32 2e 37 2e 31  34 29 20 6e 6f 6e 2d 69  |3 (2.7.14) non-i|
00d0: 6e 74 65 72 61 63 74 69  76 65 0d 0a 0d 0a        |nteractive....|
Raw Hex: 450000de2a17400040064eea0a080002 5bbd5b52ccdc0050bb8a42408160b1cc 801801f6d9ae00000101080acf17214b b31b55e6474554202f7562756e74752f 706f6f6c2f6d61696e2f692f696e6574 7574696c732f696e65747574696c732d 74656c6e65745f322e352d337562756e 7475345f616d6436342e646562204854 54502f312e310d0a486f73743a206172 63686976652e7562756e74752e636f6d 0d0a557365722d4167656e743a204465 6269616e204150542d485454502f312e 332028322e372e313429206e6f6e2d69 6e7465726163746976650d0a0d0a
=================================================================================

[17:29:11.306] sent #52
--- Complete Hex Dump for sent #52 (222 bytes) ---
0000: 45 00 00 de 65 ae 40 00  40 06 52 93 0a 08 00 02  |E...e.@.@.R.....|
0010: b9 7d be 51 af 84 00 50  02 14 d1 c0 e0 c8 df ca  |.}.Q...P........|
0020: 80 19 01 f6 86 79 00 00  01 01 08 0a 5b bd c1 e2  |.....y......[...|
0030: 05 10 23 11 47 45 54 20  2f 75 62 75 6e 74 75 2f  |..#.GET /ubuntu/|
0040: 70 6f 6f 6c 2f 6d 61 69  6e 2f 69 2f 69 6e 65 74  |pool/main/i/inet|
0050: 75 74 69 6c 73 2f 69 6e  65 74 75 74 69 6c 73 2d  |utils/inetutils-|
0060: 74 65 6c 6e 65 74 5f 32  2e 35 2d 33 75 62 75 6e  |telnet_2.5-3ubun|
0070: 74 75 34 5f 61 6d 64 36  34 2e 64 65 62 20 48 54  |tu4_amd64.deb HT|
0080: 54 50 2f 31 2e 31 0d 0a  48 6f 73 74 3a 20 61 72  |TP/1.1..Host: ar|
0090: 63 68 69 76 65 2e 75 62  75 6e 74 75 2e 63 6f 6d  |chive.ubuntu.com|
00a0: 0d 0a 55 73 65 72 2d 41  67 65 6e 74 3a 20 44 65  |..User-Agent: De|
00b0: 62 69 61 6e 20 41 50 54  2d 48 54 54 50 2f 31 2e  |bian APT-HTTP/1.|
00c0: 33 20 28 32 2e 37 2e 31  34 29 20 6e 6f 6e 2d 69  |3 (2.7.14) non-i|
00d0: 6e 74 65 72 61 63 74 69  76 65 0d 0a 0d 0a        |nteractive....|
Raw Hex: 450000de65ae4000400652930a080002 b97dbe51af8400500214d1c0e0c8dfca 801901f6867900000101080a5bbdc1e2 05102311474554202f7562756e74752f 706f6f6c2f6d61696e2f692f696e6574 7574696c732f696e65747574696c732d 74656c6e65745f322e352d337562756e 7475345f616d6436342e646562204854 54502f312e310d0a486f73743a206172 63686976652e7562756e74752e636f6d 0d0a557365722d4167656e743a204465 6269616e204150542d485454502f312e 332028322e372e313429206e6f6e2d69 6e7465726163746976650d0a0d0a
=================================================================================

[17:29:11.440] sent #53
--- Complete Hex Dump for sent #53 (76 bytes) ---
0000: 45 b8 00 4c 4b aa 40 00  40 11 6c 7d 0a 08 00 02  |E..LK.@.@.l}....|
0010: b9 7d be 3a af f2 00 7b  00 38 62 e9 23 00 00 00  |.}.:...{.8b.#...|
0020: 00 00 00 00 00 00 00 00  00 00 00 00 00 00 00 00  |................|
0030: 00 00 00 00 00 00 00 00  00 00 00 00 00 00 00 00  |................|
0040: 00 00 00 00 bd c4 ae e5  81 53 59 67              |.........SYg|
Raw Hex: 45b8004c4baa400040116c7d0a080002 b97dbe3aaff2007b003862e923000000 00000000000000000000000000000000 00000000000000000000000000000000 00000000bdc4aee581535967
=================================================================================

[17:29:13.605] sent #54
--- Complete Hex Dump for sent #54 (52 bytes) ---
0000: 45 00 00 34 2a 18 40 00  40 06 4f 93 0a 08 00 02  |E..4*.@.@.O.....|
0010: 5b bd 5b 52 cc dc 00 50  bb 8a 42 ea 81 60 b1 cc  |[.[R...P..B..`..|
0020: 80 11 01 f6 ae 2c 00 00  01 01 08 0a cf 17 2e 98  |.....,..........|
0030: b3 1b 55 e6                                       |..U.|
Raw Hex: 450000342a18400040064f930a080002 5bbd5b52ccdc0050bb8a42ea8160b1cc 801101f6ae2c00000101080acf172e98 b31b55e6
=================================================================================

[17:29:17.871] sent #55
--- Complete Hex Dump for sent #55 (222 bytes) ---
0000: 45 00 00 de 2a 19 40 00  40 06 4e e8 0a 08 00 02  |E...*.@.@.N.....|
0010: 5b bd 5b 52 cc dc 00 50  bb 8a 42 40 81 60 b1 cc  |[.[R...P..B@.`..|
0020: 80 19 01 f6 bb ad 00 00  01 01 08 0a cf 17 3f 4b  |..............?K|
0030: b3 1b 55 e6 47 45 54 20  2f 75 62 75 6e 74 75 2f  |..U.GET /ubuntu/|
0040: 70 6f 6f 6c 2f 6d 61 69  6e 2f 69 2f 69 6e 65 74  |pool/main/i/inet|
0050: 75 74 69 6c 73 2f 69 6e  65 74 75 74 69 6c 73 2d  |utils/inetutils-|
0060: 74 65 6c 6e 65 74 5f 32  2e 35 2d 33 75 62 75 6e  |telnet_2.5-3ubun|
0070: 74 75 34 5f 61 6d 64 36  34 2e 64 65 62 20 48 54  |tu4_amd64.deb HT|
0080: 54 50 2f 31 2e 31 0d 0a  48 6f 73 74 3a 20 61 72  |TP/1.1..Host: ar|
0090: 63 68 69 76 65 2e 75 62  75 6e 74 75 2e 63 6f 6d  |chive.ubuntu.com|
00a0: 0d 0a 55 73 65 72 2d 41  67 65 6e 74 3a 20 44 65  |..User-Agent: De|
00b0: 62 69 61 6e 20 41 50 54  2d 48 54 54 50 2f 31 2e  |bian APT-HTTP/1.|
00c0: 33 20 28 32 2e 37 2e 31  34 29 20 6e 6f 6e 2d 69  |3 (2.7.14) non-i|
00d0: 6e 74 65 72 61 63 74 69  76 65 0d 0a 0d 0a        |nteractive....|
Raw Hex: 450000de2a19400040064ee80a080002 5bbd5b52ccdc0050bb8a42408160b1cc 801901f6bbad00000101080acf173f4b b31b55e6474554202f7562756e74752f 706f6f6c2f6d61696e2f692f696e6574 7574696c732f696e65747574696c732d 74656c6e65745f322e352d337562756e 7475345f616d6436342e646562204854 54502f312e310d0a486f73743a206172 63686976652e7562756e74752e636f6d 0d0a557365722d4167656e743a204465 6269616e204150542d485454502f312e 332028322e372e313429206e6f6e2d69 6e7465726163746976650d0a0d0a
=================================================================================

[17:29:23.874] sent #56
--- Complete Hex Dump for sent #56 (56 bytes) ---
0000: 45 00 00 38 82 55 40 00  40 11 9e 46 0a 08 00 02  |E..8.U@.@..F....|
0010: 08 08 08 08 94 bb 00 35  00 24 35 47 07 9c 01 00  |.......5.$5G....|
0020: 00 01 00 00 00 00 00 00  06 67 6f 6f 67 6c 65 03  |.........google.|
0030: 63 6f 6d 00 00 01 00 01                           |com.....|
Raw Hex: 450000388255400040119e460a080002 0808080894bb003500243547079c0100 000100000000000006676f6f676c6503 636f6d0000010001
=================================================================================

[17:29:23.884] sent #57
--- Complete Hex Dump for sent #57 (56 bytes) ---
0000: 45 00 00 38 82 56 40 00  40 11 9e 45 0a 08 00 02  |E..8.V@.@..E....|
0010: 08 08 08 08 94 bb 00 35  00 24 25 e7 16 e1 01 00  |.......5.$%.....|
0020: 00 01 00 00 00 00 00 00  06 67 6f 6f 67 6c 65 03  |.........google.|
0030: 63 6f 6d 00 00 1c 00 01                           |com.....|
Raw Hex: 450000388256400040119e450a080002 0808080894bb0035002425e716e10100 000100000000000006676f6f676c6503 636f6d00001c0001
=================================================================================

[17:29:23.927] sent #58
--- Complete Hex Dump for sent #58 (60 bytes) ---
0000: 45 10 00 3c 41 ef 40 00  40 06 13 0b 0a 08 00 02  |E..<A.@.@.......|
0010: 8e fa 4c ae 93 9a 00 16  f0 22 90 44 00 00 00 00  |..L......".D....|
0020: a0 02 fa f0 c0 32 00 00  02 04 05 b4 04 02 08 0a  |.....2..........|
0030: fc 9c 96 75 00 00 00 00  01 03 03 07              |...u........|
Raw Hex: 4510003c41ef40004006130b0a080002 8efa4cae939a0016f022904400000000 a002faf0c0320000020405b40402080a fc9c96750000000001030307
=================================================================================

[17:29:24.985] sent #59
--- Complete Hex Dump for sent #59 (60 bytes) ---
0000: 45 10 00 3c 41 f0 40 00  40 06 13 0a 0a 08 00 02  |E..<A.@.@.......|
0010: 8e fa 4c ae 93 9a 00 16  f0 22 90 44 00 00 00 00  |..L......".D....|
0020: a0 02 fa f0 bc 07 00 00  02 04 05 b4 04 02 08 0a  |................|
0030: fc 9c 9a a0 00 00 00 00  01 03 03 07              |............|
Raw Hex: 4510003c41f040004006130a0a080002 8efa4cae939a0016f022904400000000 a002faf0bc070000020405b40402080a fc9c9aa00000000001030307
=================================================================================

[17:29:26.830] sent #60
--- Complete Hex Dump for sent #60 (48 bytes) ---
0000: 60 00 00 00 00 08 3a ff  fe 80 00 00 00 00 00 00  |`.....:.........|
0010: 9e 8d b1 5a 7a a7 9d 9f  ff 02 00 00 00 00 00 00  |...Zz...........|
0020: 00 00 00 00 00 00 00 02  85 00 15 08 00 00 00 00  |................|
Raw Hex: 6000000000083afffe80000000000000 9e8db15a7aa79d9fff02000000000000 00000000000000028500150800000000
=================================================================================

[17:29:27.069] sent #61
--- Complete Hex Dump for sent #61 (60 bytes) ---
0000: 45 10 00 3c 41 f1 40 00  40 06 13 09 0a 08 00 02  |E..<A.@.@.......|
0010: 8e fa 4c ae 93 9a 00 16  f0 22 90 44 00 00 00 00  |..L......".D....|
0020: a0 02 fa f0 b3 e7 00 00  02 04 05 b4 04 02 08 0a  |................|
0030: fc 9c a2 c0 00 00 00 00  01 03 03 07              |............|
Raw Hex: 4510003c41f14000400613090a080002 8efa4cae939a0016f022904400000000 a002faf0b3e70000020405b40402080a fc9ca2c00000000001030307
=================================================================================

[17:29:33.224] sent #62
--- Complete Hex Dump for sent #62 (222 bytes) ---
0000: 45 00 00 de 2a 1a 40 00  40 06 4e e7 0a 08 00 02  |E...*.@.@.N.....|
0010: 5b bd 5b 52 cc dc 00 50  bb 8a 42 40 81 60 b1 cc  |[.[R...P..B@.`..|
0020: 80 19 01 f6 7f ad 00 00  01 01 08 0a cf 17 7b 4b  |..............{K|
0030: b3 1b 55 e6 47 45 54 20  2f 75 62 75 6e 74 75 2f  |..U.GET /ubuntu/|
0040: 70 6f 6f 6c 2f 6d 61 69  6e 2f 69 2f 69 6e 65 74  |pool/main/i/inet|
0050: 75 74 69 6c 73 2f 69 6e  65 74 75 74 69 6c 73 2d  |utils/inetutils-|
0060: 74 65 6c 6e 65 74 5f 32  2e 35 2d 33 75 62 75 6e  |telnet_2.5-3ubun|
0070: 74 75 34 5f 61 6d 64 36  34 2e 64 65 62 20 48 54  |tu4_amd64.deb HT|
0080: 54 50 2f 31 2e 31 0d 0a  48 6f 73 74 3a 20 61 72  |TP/1.1..Host: ar|
0090: 63 68 69 76 65 2e 75 62  75 6e 74 75 2e 63 6f 6d  |chive.ubuntu.com|
00a0: 0d 0a 55 73 65 72 2d 41  67 65 6e 74 3a 20 44 65  |..User-Agent: De|
00b0: 62 69 61 6e 20 41 50 54  2d 48 54 54 50 2f 31 2e  |bian APT-HTTP/1.|
00c0: 33 20 28 32 2e 37 2e 31  34 29 20 6e 6f 6e 2d 69  |3 (2.7.14) non-i|
00d0: 6e 74 65 72 61 63 74 69  76 65 0d 0a 0d 0a        |nteractive....|
Raw Hex: 450000de2a1a400040064ee70a080002 5bbd5b52ccdc0050bb8a42408160b1cc 801901f67fad00000101080acf177b4b b31b55e6474554202f7562756e74752f 706f6f6c2f6d61696e2f692f696e6574 7574696c732f696e65747574696c732d 74656c6e65745f322e352d337562756e 7475345f616d6436342e646562204854 54502f312e310d0a486f73743a206172 63686976652e7562756e74752e636f6d 0d0a557365722d4167656e743a204465 6269616e204150542d485454502f312e 332028322e372e313429206e6f6e2d69 6e7465726163746976650d0a0d0a
=================================================================================

[17:29:43.216] sent #63
--- Complete Hex Dump for sent #63 (76 bytes) ---
0000: 45 b8 00 4c 56 be 40 00  40 11 61 69 0a 08 00 02  |E..LV.@.@.ai....|
0010: b9 7d be 3a 80 71 00 7b  00 38 40 3f 23 00 00 00  |.}.:.q.{.8@?#...|
0020: 00 00 00 00 00 00 00 00  00 00 00 00 00 00 00 00  |................|
0030: 00 00 00 00 00 00 00 00  00 00 00 00 00 00 00 00  |................|
0040: 00 00 00 00 10 b2 2e bd  97 56 c2 ca              |.........V..|
Raw Hex: 45b8004c56be4000401161690a080002 b97dbe3a8071007b0038403f23000000 00000000000000000000000000000000 00000000000000000000000000000000 0000000010b22ebd9756c2ca
=================================================================================

[17:29:45.209] sent #64
--- Complete Hex Dump for sent #64 (56 bytes) ---
0000: 45 00 00 38 56 ab 40 00  40 11 c9 f0 0a 08 00 02  |E..8V.@.@.......|
0010: 08 08 08 08 b1 6e 00 35  00 24 35 6c ea c3 01 00  |.....n.5.$5l....|
0020: 00 01 00 00 00 00 00 00  06 67 6f 6f 67 6c 65 03  |.........google.|
0030: 63 6f 6d 00 00 01 00 01                           |com.....|
Raw Hex: 4500003856ab40004011c9f00a080002 08080808b16e00350024356ceac30100 000100000000000006676f6f676c6503 636f6d0000010001
=================================================================================

[17:29:45.249] sent #65
--- Complete Hex Dump for sent #65 (60 bytes) ---
0000: 45 00 00 3c 22 69 40 00  40 06 32 a1 0a 08 00 02  |E..<"i@.@.2.....|
0010: 8e fa 4c ae c8 e0 00 50  71 7c a2 21 00 00 00 00  |..L....Pq|.!....|
0020: a0 02 fa f0 a4 2b 00 00  02 04 05 b4 04 02 08 0a  |.....+..........|
0030: fc 9c e9 c5 00 00 00 00  01 03 03 07              |............|
Raw Hex: 4500003c22694000400632a10a080002 8efa4caec8e00050717ca22100000000 a002faf0a42b0000020405b40402080a fc9ce9c50000000001030307
=================================================================================

[17:29:45.286] sent #66
--- Complete Hex Dump for sent #66 (52 bytes) ---
0000: 45 00 00 34 22 6a 40 00  40 06 32 a8 0a 08 00 02  |E..4"j@.@.2.....|
0010: 8e fa 4c ae c8 e0 00 50  71 7c a2 22 55 15 ef 59  |..L....Pq|."U..Y|
0020: 80 10 01 f6 32 e6 00 00  01 01 08 0a fc 9c e9 e8  |....2...........|
0030: c4 8f 8f da                                       |....|
Raw Hex: 45000034226a4000400632a80a080002 8efa4caec8e00050717ca2225515ef59 801001f632e600000101080afc9ce9e8 c48f8fda
=================================================================================

[17:29:45.294] sent #67
--- Complete Hex Dump for sent #67 (125 bytes) ---
0000: 45 00 00 7d 22 6b 40 00  40 06 32 5e 0a 08 00 02  |E..}"k@.@.2^....|
0010: 8e fa 4c ae c8 e0 00 50  71 7c a2 22 55 15 ef 59  |..L....Pq|."U..Y|
0020: 80 18 01 f6 5e 92 00 00  01 01 08 0a fc 9c e9 e8  |....^...........|
0030: c4 8f 8f da 47 45 54 20  2f 20 48 54 54 50 2f 31  |....GET / HTTP/1|
0040: 2e 31 0d 0a 48 6f 73 74  3a 20 67 6f 6f 67 6c 65  |.1..Host: google|
0050: 2e 63 6f 6d 0d 0a 55 73  65 72 2d 41 67 65 6e 74  |.com..User-Agent|
0060: 3a 20 63 75 72 6c 2f 38  2e 35 2e 30 0d 0a 41 63  |: curl/8.5.0..Ac|
0070: 63 65 70 74 3a 20 2a 2f  2a 0d 0a 0d 0a           |cept: */*....|
Raw Hex: 4500007d226b40004006325e0a080002 8efa4caec8e00050717ca2225515ef59 801801f65e9200000101080afc9ce9e8 c48f8fda474554202f20485454502f31 2e310d0a486f73743a20676f6f676c65 2e636f6d0d0a557365722d4167656e74 3a206375726c2f382e352e300d0a4163 636570743a202a2f2a0d0a0d0a
=================================================================================

[17:29:45.524] sent #68
--- Complete Hex Dump for sent #68 (125 bytes) ---
0000: 45 00 00 7d 22 6c 40 00  40 06 32 5d 0a 08 00 02  |E..}"l@.@.2]....|
0010: 8e fa 4c ae c8 e0 00 50  71 7c a2 22 55 15 ef 59  |..L....Pq|."U..Y|
0020: 80 18 01 f6 5d 9e 00 00  01 01 08 0a fc 9c ea dc  |....]...........|
0030: c4 8f 8f da 47 45 54 20  2f 20 48 54 54 50 2f 31  |....GET / HTTP/1|
0040: 2e 31 0d 0a 48 6f 73 74  3a 20 67 6f 6f 67 6c 65  |.1..Host: google|
0050: 2e 63 6f 6d 0d 0a 55 73  65 72 2d 41 67 65 6e 74  |.com..User-Agent|
0060: 3a 20 63 75 72 6c 2f 38  2e 35 2e 30 0d 0a 41 63  |: curl/8.5.0..Ac|
0070: 63 65 70 74 3a 20 2a 2f  2a 0d 0a 0d 0a           |cept: */*....|
Raw Hex: 4500007d226c40004006325d0a080002 8efa4caec8e00050717ca2225515ef59 801801f65d9e00000101080afc9ceadc c48f8fda474554202f20485454502f31 2e310d0a486f73743a20676f6f676c65 2e636f6d0d0a557365722d4167656e74 3a206375726c2f382e352e300d0a4163 636570743a202a2f2a0d0a0d0a
=================================================================================

[17:29:45.775] sent #69
--- Complete Hex Dump for sent #69 (125 bytes) ---
0000: 45 00 00 7d 22 6d 40 00  40 06 32 5c 0a 08 00 02  |E..}"m@.@.2\....|
0010: 8e fa 4c ae c8 e0 00 50  71 7c a2 22 55 15 ef 59  |..L....Pq|."U..Y|
0020: 80 18 01 f6 5c a4 00 00  01 01 08 0a fc 9c eb d6  |....\...........|
0030: c4 8f 8f da 47 45 54 20  2f 20 48 54 54 50 2f 31  |....GET / HTTP/1|
0040: 2e 31 0d 0a 48 6f 73 74  3a 20 67 6f 6f 67 6c 65  |.1..Host: google|
0050: 2e 63 6f 6d 0d 0a 55 73  65 72 2d 41 67 65 6e 74  |.com..User-Agent|
0060: 3a 20 63 75 72 6c 2f 38  2e 35 2e 30 0d 0a 41 63  |: curl/8.5.0..Ac|
0070: 63 65 70 74 3a 20 2a 2f  2a 0d 0a 0d 0a           |cept: */*....|
Raw Hex: 4500007d226d40004006325c0a080002 8efa4caec8e00050717ca2225515ef59 801801f65ca400000101080afc9cebd6 c48f8fda474554202f20485454502f31 2e310d0a486f73743a20676f6f676c65 2e636f6d0d0a557365722d4167656e74 3a206375726c2f382e352e300d0a4163 636570743a202a2f2a0d0a0d0a
=================================================================================

[17:29:46.269] sent #70
--- Complete Hex Dump for sent #70 (125 bytes) ---
0000: 45 00 00 7d 22 6e 40 00  40 06 32 5b 0a 08 00 02  |E..}"n@.@.2[....|
0010: 8e fa 4c ae c8 e0 00 50  71 7c a2 22 55 15 ef 59  |..L....Pq|."U..Y|
0020: 80 18 01 f6 5a b7 00 00  01 01 08 0a fc 9c ed c3  |....Z...........|
0030: c4 8f 8f da 47 45 54 20  2f 20 48 54 54 50 2f 31  |....GET / HTTP/1|
0040: 2e 31 0d 0a 48 6f 73 74  3a 20 67 6f 6f 67 6c 65  |.1..Host: google|
0050: 2e 63 6f 6d 0d 0a 55 73  65 72 2d 41 67 65 6e 74  |.com..User-Agent|
0060: 3a 20 63 75 72 6c 2f 38  2e 35 2e 30 0d 0a 41 63  |: curl/8.5.0..Ac|
0070: 63 65 70 74 3a 20 2a 2f  2a 0d 0a 0d 0a           |cept: */*....|
Raw Hex: 4500007d226e40004006325b0a080002 8efa4caec8e00050717ca2225515ef59 801801f65ab700000101080afc9cedc3 c48f8fda474554202f20485454502f31 2e310d0a486f73743a20676f6f676c65 2e636f6d0d0a557365722d4167656e74 3a206375726c2f382e352e300d0a4163 636570743a202a2f2a0d0a0d0a
=================================================================================

[17:29:47.315] sent #71
--- Complete Hex Dump for sent #71 (125 bytes) ---
0000: 45 00 00 7d 22 6f 40 00  40 06 32 5a 0a 08 00 02  |E..}"o@.@.2Z....|
0010: 8e fa 4c ae c8 e0 00 50  71 7c a2 22 55 15 ef 59  |..L....Pq|."U..Y|
0020: 80 18 01 f6 56 aa 00 00  01 01 08 0a fc 9c f1 d0  |....V...........|
0030: c4 8f 8f da 47 45 54 20  2f 20 48 54 54 50 2f 31  |....GET / HTTP/1|
0040: 2e 31 0d 0a 48 6f 73 74  3a 20 67 6f 6f 67 6c 65  |.1..Host: google|
0050: 2e 63 6f 6d 0d 0a 55 73  65 72 2d 41 67 65 6e 74  |.com..User-Agent|
0060: 3a 20 63 75 72 6c 2f 38  2e 35 2e 30 0d 0a 41 63  |: curl/8.5.0..Ac|
0070: 63 65 70 74 3a 20 2a 2f  2a 0d 0a 0d 0a           |cept: */*....|
Raw Hex: 4500007d226f40004006325a0a080002 8efa4caec8e00050717ca2225515ef59 801801f656aa00000101080afc9cf1d0 c48f8fda474554202f20485454502f31 2e310d0a486f73743a20676f6f676c65 2e636f6d0d0a557365722d4167656e74 3a206375726c2f382e352e300d0a4163 636570743a202a2f2a0d0a0d0a
=================================================================================

[17:29:49.236] sent #72
--- Complete Hex Dump for sent #72 (222 bytes) ---
0000: 45 00 00 de 65 af 40 00  40 06 52 92 0a 08 00 02  |E...e.@.@.R.....|
0010: b9 7d be 51 af 84 00 50  02 14 d1 c0 e0 c8 df ca  |.}.Q...P........|
0020: 80 19 01 f6 f0 73 00 00  01 01 08 0a 5b be 57 e7  |.....s......[.W.|
0030: 05 10 23 11 47 45 54 20  2f 75 62 75 6e 74 75 2f  |..#.GET /ubuntu/|
0040: 70 6f 6f 6c 2f 6d 61 69  6e 2f 69 2f 69 6e 65 74  |pool/main/i/inet|
0050: 75 74 69 6c 73 2f 69 6e  65 74 75 74 69 6c 73 2d  |utils/inetutils-|
0060: 74 65 6c 6e 65 74 5f 32  2e 35 2d 33 75 62 75 6e  |telnet_2.5-3ubun|
0070: 74 75 34 5f 61 6d 64 36  34 2e 64 65 62 20 48 54  |tu4_amd64.deb HT|
0080: 54 50 2f 31 2e 31 0d 0a  48 6f 73 74 3a 20 61 72  |TP/1.1..Host: ar|
0090: 63 68 69 76 65 2e 75 62  75 6e 74 75 2e 63 6f 6d  |chive.ubuntu.com|
00a0: 0d 0a 55 73 65 72 2d 41  67 65 6e 74 3a 20 44 65  |..User-Agent: De|
00b0: 62 69 61 6e 20 41 50 54  2d 48 54 54 50 2f 31 2e  |bian APT-HTTP/1.|
00c0: 33 20 28 32 2e 37 2e 31  34 29 20 6e 6f 6e 2d 69  |3 (2.7.14) non-i|
00d0: 6e 74 65 72 61 63 74 69  76 65 0d 0a 0d 0a        |nteractive....|
Raw Hex: 450000de65af4000400652920a080002 b97dbe51af8400500214d1c0e0c8dfca 801901f6f07300000101080a5bbe57e7 05102311474554202f7562756e74752f 706f6f6c2f6d61696e2f692f696e6574 7574696c732f696e65747574696c732d 74656c6e65745f322e352d337562756e 7475345f616d6436342e646562204854 54502f312e310d0a486f73743a206172 63686976652e7562756e74752e636f6d 0d0a557365722d4167656e743a204465 6269616e204150542d485454502f312e 332028322e372e313429206e6f6e2d69 6e7465726163746976650d0a0d0a
=================================================================================

[17:29:49.315] sent #73
--- Complete Hex Dump for sent #73 (125 bytes) ---
0000: 45 00 00 7d 22 70 40 00  40 06 32 59 0a 08 00 02  |E..}"p@.@.2Y....|
0010: 8e fa 4c ae c8 e0 00 50  71 7c a2 22 55 15 ef 59  |..L....Pq|."U..Y|
0020: 80 18 01 f6 4e d5 00 00  01 01 08 0a fc 9c f9 a5  |....N...........|
0030: c4 8f 8f da 47 45 54 20  2f 20 48 54 54 50 2f 31  |....GET / HTTP/1|
0040: 2e 31 0d 0a 48 6f 73 74  3a 20 67 6f 6f 67 6c 65  |.1..Host: google|
0050: 2e 63 6f 6d 0d 0a 55 73  65 72 2d 41 67 65 6e 74  |.com..User-Agent|
0060: 3a 20 63 75 72 6c 2f 38  2e 35 2e 30 0d 0a 41 63  |: curl/8.5.0..Ac|
0070: 63 65 70 74 3a 20 2a 2f  2a 0d 0a 0d 0a           |cept: */*....|
Raw Hex: 4500007d22704000400632590a080002 8efa4caec8e00050717ca2225515ef59 801801f64ed500000101080afc9cf9a5 c48f8fda474554202f20485454502f31 2e310d0a486f73743a20676f6f676c65 2e636f6d0d0a557365722d4167656e74 3a206375726c2f382e352e300d0a4163 636570743a202a2f2a0d0a0d0a
=================================================================================

[17:29:53.229] sent #74
--- Complete Hex Dump for sent #74 (125 bytes) ---
0000: 45 00 00 7d 22 71 40 00  40 06 32 58 0a 08 00 02  |E..}"q@.@.2X....|
0010: 8e fa 4c ae c8 e0 00 50  71 7c a2 22 55 15 ef 59  |..L....Pq|."U..Y|
0020: 80 18 01 f6 3f 87 00 00  01 01 08 0a fc 9d 08 f3  |....?...........|
0030: c4 8f 8f da 47 45 54 20  2f 20 48 54 54 50 2f 31  |....GET / HTTP/1|
0040: 2e 31 0d 0a 48 6f 73 74  3a 20 67 6f 6f 67 6c 65  |.1..Host: google|
0050: 2e 63 6f 6d 0d 0a 55 73  65 72 2d 41 67 65 6e 74  |.com..User-Agent|
0060: 3a 20 63 75 72 6c 2f 38  2e 35 2e 30 0d 0a 41 63  |: curl/8.5.0..Ac|
0070: 63 65 70 74 3a 20 2a 2f  2a 0d 0a 0d 0a           |cept: */*....|
Raw Hex: 4500007d22714000400632580a080002 8efa4caec8e00050717ca2225515ef59 801801f63f8700000101080afc9d08f3 c48f8fda474554202f20485454502f31 2e310d0a486f73743a20676f6f676c65 2e636f6d0d0a557365722d4167656e74 3a206375726c2f382e352e300d0a4163 636570743a202a2f2a0d0a0d0a
=================================================================================

[17:29:53.678] sent #75
--- Complete Hex Dump for sent #75 (52 bytes) ---
0000: 45 00 00 34 22 72 40 00  40 06 32 a0 0a 08 00 02  |E..4"r@.@.2.....|
0010: 8e fa 4c ae c8 e0 00 50  71 7c a2 6b 55 15 ef 59  |..L....Pq|.kU..Y|
0020: 80 11 01 f6 11 cf 00 00  01 01 08 0a fc 9d 0a b5  |................|
0030: c4 8f 8f da                                       |....|
Raw Hex: 4500003422724000400632a00a080002 8efa4caec8e00050717ca26b5515ef59 801101f611cf00000101080afc9d0ab5 c48f8fda
=================================================================================

[17:30:01.392] sent #76
--- Complete Hex Dump for sent #76 (125 bytes) ---
0000: 45 00 00 7d 22 73 40 00  40 06 32 56 0a 08 00 02  |E..}"s@.@.2V....|
0010: 8e fa 4c ae c8 e0 00 50  71 7c a2 22 55 15 ef 59  |..L....Pq|."U..Y|
0020: 80 19 01 f6 1f a9 00 00  01 01 08 0a fc 9d 28 d0  |..............(.|
0030: c4 8f 8f da 47 45 54 20  2f 20 48 54 54 50 2f 31  |....GET / HTTP/1|
0040: 2e 31 0d 0a 48 6f 73 74  3a 20 67 6f 6f 67 6c 65  |.1..Host: google|
0050: 2e 63 6f 6d 0d 0a 55 73  65 72 2d 41 67 65 6e 74  |.com..User-Agent|
0060: 3a 20 63 75 72 6c 2f 38  2e 35 2e 30 0d 0a 41 63  |: curl/8.5.0..Ac|
0070: 63 65 70 74 3a 20 2a 2f  2a 0d 0a 0d 0a           |cept: */*....|
Raw Hex: 4500007d22734000400632560a080002 8efa4caec8e00050717ca2225515ef59 801901f61fa900000101080afc9d28d0 c48f8fda474554202f20485454502f31 2e310d0a486f73743a20676f6f676c65 2e636f6d0d0a557365722d4167656e74 3a206375726c2f382e352e300d0a4163 636570743a202a2f2a0d0a0d0a
=================================================================================

[17:30:03.949] sent #77
--- Complete Hex Dump for sent #77 (222 bytes) ---
0000: 45 00 00 de 2a 1b 40 00  40 06 4e e6 0a 08 00 02  |E...*.@.@.N.....|
0010: 5b bd 5b 52 cc dc 00 50  bb 8a 42 40 81 60 b1 cc  |[.[R...P..B@.`..|
0020: 80 19 01 f6 07 ad 00 00  01 01 08 0a cf 17 f3 4b  |...............K|
0030: b3 1b 55 e6 47 45 54 20  2f 75 62 75 6e 74 75 2f  |..U.GET /ubuntu/|
0040: 70 6f 6f 6c 2f 6d 61 69  6e 2f 69 2f 69 6e 65 74  |pool/main/i/inet|
0050: 75 74 69 6c 73 2f 69 6e  65 74 75 74 69 6c 73 2d  |utils/inetutils-|
0060: 74 65 6c 6e 65 74 5f 32  2e 35 2d 33 75 62 75 6e  |telnet_2.5-3ubun|
0070: 74 75 34 5f 61 6d 64 36  34 2e 64 65 62 20 48 54  |tu4_amd64.deb HT|
0080: 54 50 2f 31 2e 31 0d 0a  48 6f 73 74 3a 20 61 72  |TP/1.1..Host: ar|
0090: 63 68 69 76 65 2e 75 62  75 6e 74 75 2e 63 6f 6d  |chive.ubuntu.com|
00a0: 0d 0a 55 73 65 72 2d 41  67 65 6e 74 3a 20 44 65  |..User-Agent: De|
00b0: 62 69 61 6e 20 41 50 54  2d 48 54 54 50 2f 31 2e  |bian APT-HTTP/1.|
00c0: 33 20 28 32 2e 37 2e 31  34 29 20 6e 6f 6e 2d 69  |3 (2.7.14) non-i|
00d0: 6e 74 65 72 61 63 74 69  76 65 0d 0a 0d 0a        |nteractive....|
Raw Hex: 450000de2a1b400040064ee60a080002 5bbd5b52ccdc0050bb8a42408160b1cc 801901f607ad00000101080acf17f34b b31b55e6474554202f7562756e74752f 706f6f6c2f6d61696e2f692f696e6574 7574696c732f696e65747574696c732d 74656c6e65745f322e352d337562756e 7475345f616d6436342e646562204854 54502f312e310d0a486f73743a206172 63686976652e7562756e74752e636f6d 0d0a557365722d4167656e743a204465 6269616e204150542d485454502f312e 332028322e372e313429206e6f6e2d69 6e7465726163746976650d0a0d0a
=================================================================================

[17:30:17.399] sent #78
--- Complete Hex Dump for sent #78 (125 bytes) ---
0000: 45 00 00 7d 22 74 40 00  40 06 32 55 0a 08 00 02  |E..}"t@.@.2U....|
0010: 8e fa 4c ae c8 e0 00 50  71 7c a2 22 55 15 ef 59  |..L....Pq|."U..Y|
0020: 80 19 01 f6 e1 28 00 00  01 01 08 0a fc 9d 67 50  |.....(........gP|
0030: c4 8f 8f da 47 45 54 20  2f 20 48 54 54 50 2f 31  |....GET / HTTP/1|
0040: 2e 31 0d 0a 48 6f 73 74  3a 20 67 6f 6f 67 6c 65  |.1..Host: google|
0050: 2e 63 6f 6d 0d 0a 55 73  65 72 2d 41 67 65 6e 74  |.com..User-Agent|
0060: 3a 20 63 75 72 6c 2f 38  2e 35 2e 30 0d 0a 41 63  |: curl/8.5.0..Ac|
0070: 63 65 70 74 3a 20 2a 2f  2a 0d 0a 0d 0a           |cept: */*....|
Raw Hex: 4500007d22744000400632550a080002 8efa4caec8e00050717ca2225515ef59 801901f6e12800000101080afc9d6750 c48f8fda474554202f20485454502f31 2e310d0a486f73743a20676f6f676c65 2e636f6d0d0a557365722d4167656e74 3a206375726c2f382e352e300d0a4163 636570743a202a2f2a0d0a0d0a
=================================================================================

[17:30:47.491] sent #79
--- Complete Hex Dump for sent #79 (76 bytes) ---
0000: 45 b8 00 4c 69 b3 40 00  40 11 4e 74 0a 08 00 02  |E..Li.@.@.Nt....|
0010: b9 7d be 3a 85 ef 00 7b  00 38 76 15 23 00 00 00  |.}.:...{.8v.#...|
0020: 00 00 00 00 00 00 00 00  00 00 00 00 00 00 00 00  |................|
0030: 00 00 00 00 00 00 00 00  00 00 00 00 00 00 00 00  |................|
0040: 00 00 00 00 a5 3a 84 02  6e f6 c6 08              |.....:..n...|
Raw Hex: 45b8004c69b3400040114e740a080002 b97dbe3a85ef007b0038761523000000 00000000000000000000000000000000 00000000000000000000000000000000 00000000a53a84026ef6c608
=================================================================================
